d:\bong\project6\project6\x64\debug\vc143.pdb
d:\bong\project6\project6\x64\debug\vc143.idb
d:\bong\project6\project6\x64\debug\0408.obj
d:\bong\project6\x64\debug\project6.exe
d:\bong\project6\x64\debug\project6.pdb
d:\bong\project6\project6\x64\debug\project6.ilk
d:\bong\project6\project6\x64\debug\0408홍석준_1.obj
d:\bong\project6\project6\x64\debug\0408홍석준_2.obj
d:\bong\project6\project6\x64\debug\for.obj
d:\bong\project6\project6\x64\debug\seokjuin1.obj
d:\bong\project6\project6\x64\debug\test.obj
d:\bong\project6\project6\x64\debug\0408.obj.enc
d:\bong\project6\project6\x64\debug\project6.tlog\cl.command.1.tlog
d:\bong\project6\project6\x64\debug\project6.tlog\cl.items.tlog
d:\bong\project6\project6\x64\debug\project6.tlog\cl.read.1.tlog
d:\bong\project6\project6\x64\debug\project6.tlog\cl.write.1.tlog
d:\bong\project6\project6\x64\debug\project6.tlog\link.command.1.tlog
d:\bong\project6\project6\x64\debug\project6.tlog\link.read.1.tlog
d:\bong\project6\project6\x64\debug\project6.tlog\link.secondary.1.tlog
d:\bong\project6\project6\x64\debug\project6.tlog\link.write.1.tlog
